<?xml version="1.0" encoding="UTF-8"?>
<testng-results skipped="0" failed="0" ignored="0" total="1" passed="1">
  <reporter-output>
  </reporter-output>
  <suite name="Default suite" duration-ms="2615" started-at="2021-09-24T12:43:06 IST" finished-at="2021-09-24T12:43:09 IST">
    <groups>
    </groups>
    <test name="Default test" duration-ms="2615" started-at="2021-09-24T12:43:06 IST" finished-at="2021-09-24T12:43:09 IST">
      <class name="com.restAssure.basic.RetrievingAllProjects">
        <test-method status="PASS" signature="getAllProjects()[pri:0, instance:com.restAssure.basic.RetrievingAllProjects@7a765367]" name="getAllProjects" duration-ms="2505" started-at="2021-09-24T12:43:06 IST" finished-at="2021-09-24T12:43:09 IST">
          <reporter-output>
          </reporter-output>
        </test-method> <!-- getAllProjects -->
      </class> <!-- com.restAssure.basic.RetrievingAllProjects -->
    </test> <!-- Default test -->
  </suite> <!-- Default suite -->
</testng-results>
